<?xml version="1.0" encoding="UTF-8"?>
<testng-results ignored="0" total="1" passed="1" failed="0" skipped="0">
  <reporter-output>
  </reporter-output>
  <suite started-at="2021-08-31T17:10:37 GST" name="Automation_Assignment" finished-at="2021-08-31T17:10:43 GST" duration-ms="5622">
    <groups>
    </groups>
    <test started-at="2021-08-31T17:10:37 GST" name="Automation Test" finished-at="2021-08-31T17:10:43 GST" duration-ms="5622">
      <class name="com.api.test.GetRequestTest">
        <test-method is-config="true" signature="testdatasetup()[pri:0, instance:com.api.test.GetRequestTest@776aec5c]" started-at="2021-08-31T17:10:37 GST" name="testdatasetup" finished-at="2021-08-31T17:10:37 GST" duration-ms="8" status="PASS">
          <reporter-output>
          </reporter-output>
        </test-method> <!-- testdatasetup -->
        <test-method signature="gethotellist(java.lang.String,java.lang.String)[pri:0, instance:com.api.test.GetRequestTest@776aec5c]" started-at="2021-08-31T17:10:38 GST" name="gethotellist" description="To fetch the List of Hotels" data-provider="testdataforcall" finished-at="2021-08-31T17:10:43 GST" duration-ms="4690" status="PASS">
          <params>
            <param index="0">
              <value>
                <![CDATA[ChIJRcbZaklDXz4RYlEphFBu5r0]]>
              </value>
            </param>
            <param index="1">
              <value>
                <![CDATA[s73827732j9$872u3lkNp]]>
              </value>
            </param>
          </params>
          <reporter-output>
          </reporter-output>
        </test-method> <!-- gethotellist -->
      </class> <!-- com.api.test.GetRequestTest -->
    </test> <!-- Automation Test -->
  </suite> <!-- Automation_Assignment -->
</testng-results>
